C51 COMPILER V6.02  EXP_3_FALL2019                                                         10/28/2019 19:29:57 PAGE 1   


C51 COMPILER V6.02, COMPILATION OF MODULE EXP_3_FALL2019
OBJECT MODULE PLACED IN .\exp_3_fall2019.OBJ
COMPILER INVOKED BY: C:\Keil\C51\BIN\C51.EXE .\exp_3_fall2019.c DEBUG OBJECTEXTEND

stmt level    source

   1          #include <stdio.h>
   2          #include "Main.h"
   3          #include "PORT.H"
   4          #include "UART.h"
   5          #include "Timer0_hardware_delay_1ms.h"
   6          #include "LCD_routines.h"
   7          #include "LED_Outputs.h"
   8          #include "I2C.h"
   9          #include "STA013.h"
  10          
  11          uint8_t code exp3_string[]="STA013 Init";
  12          
  13          
  14          main()
  15          {
  16   1         uint8_t input_value;
  17   1      
  18   1         LEDS_ON(Red_LED);
  19   1         AUXR=0x0c;   // make all of XRAM available, ALE always on
  20   1         if(OSC_PER_INST==6)
  21   1         {
  22   2             CKCON0=0x01;  // set X2 clock mode
  23   2         }
  24   1         else if(OSC_PER_INST==12)
  25   1         {
  26   2             CKCON0=0x00;  // set standard clock mode
  27   2         }
  28   1         Timer0_DELAY_1ms(300);
  29   1         uart_init(9600);
  30   1         LEDS_OFF(Red_LED);
  31   1         
  32   1      
  33   1         LCD_Init();  
  34   1         LCD_Print(line1,0,exp3_string);
  35   1         STA013_init();
  36   1         while(1)
  37   1         {
  38   2      
  39   2      	    input_value=UART_Receive();
  40   2              UART_Transmit(input_value);
  41   2      
  42   2         } 
  43   1      }
  44          
  45          


MODULE INFORMATION:   STATIC OVERLAYABLE
   CODE SIZE        =     58    ----
   CONSTANT SIZE    =     12    ----
   XDATA SIZE       =   ----    ----
   PDATA SIZE       =   ----    ----
   DATA SIZE        =   ----       1
   IDATA SIZE       =   ----    ----
   BIT SIZE         =   ----    ----
C51 COMPILER V6.02  EXP_3_FALL2019                                                         10/28/2019 19:29:57 PAGE 2   

END OF MODULE INFORMATION.


C51 COMPILATION COMPLETE.  0 WARNING(S),  0 ERROR(S)
